<?xml version="1.0" encoding="UTF-8"?>
<!-- Generated by org.testng.reporters.JUnitXMLReporter -->
<testsuite hostname="MLT390" ignored="0" name="Test" tests="1" failures="1" timestamp="23 May 2018 07:04:50 GMT" time="39.262" errors="0">
  <testcase name="qtest" time="25.083" classname="tests.SandCQtest">
    <failure type="java.lang.AssertionError" message="Test execution tab is clicked expected [true] but found [false]">
      <![CDATA[java.lang.AssertionError: Test execution tab is clicked expected [true] but found [false]
at pages.TestExecution.execution(TestExecution.java:63)
at tests.SandCQtest.qtest(SandCQtest.java:18)
... Removed 28 stack frames]]>
    </failure>
  </testcase> <!-- qtest -->
</testsuite> <!-- Test -->
